{"numFailedTestSuites":2,"numFailedTests":6,"numPassedTestSuites":13,"numPassedTests":93,"numPendingTestSuites":0,"numPendingTests":0,"numRuntimeErrorTestSuites":0,"numTodoTests":0,"numTotalTestSuites":15,"numTotalTests":99,"openHandles":[],"snapshot":{"added":0,"didUpdate":false,"failure":false,"filesAdded":0,"filesRemoved":0,"filesRemovedList":[],"filesUnmatched":0,"filesUpdated":0,"matched":0,"total":0,"unchecked":0,"uncheckedKeysByFile":[],"unmatched":0,"updated":0},"startTime":1771701937153,"success":false,"testResults":[{"assertionResults":[{"ancestorTitles":["Reviews API Integration (stable core)"],"duration":1,"failing":false,"failureDetails":[{"name":"PrismaClientInitializationError","clientVersion":"5.22.0"}],"failureMessages":["PrismaClientInitializationError: \nInvalid `prisma.$executeRawUnsafe()` invocation:\n\n\nCan't reach database server at `db.xkbhxwxdngjpxlzfcqtr.supabase.co:5432`\n\nPlease make sure your database server is running at `db.xkbhxwxdngjpxlzfcqtr.supabase.co:5432`.\n    at $n.handleRequestError (/Users/akif/odtu-pusula/node_modules/@prisma/client/runtime/library.js:121:7615)\n    at $n.handleAndLogRequestError (/Users/akif/odtu-pusula/node_modules/@prisma/client/runtime/library.js:121:6623)\n    at $n.request (/Users/akif/odtu-pusula/node_modules/@prisma/client/runtime/library.js:121:6307)\n    at l (/Users/akif/odtu-pusula/node_modules/@prisma/client/runtime/library.js:130:9633)\n    at /Users/akif/odtu-pusula/__tests__/utils/test-helpers.ts:71:5\n    at withDbRetry (/Users/akif/odtu-pusula/__tests__/utils/test-helpers.ts:22:14)\n    at cleanDatabase (/Users/akif/odtu-pusula/__tests__/utils/test-helpers.ts:69:3)\n    at Object.<anonymous> (/Users/akif/odtu-pusula/__tests__/api/reviews.integration.test.ts:15:5)"],"fullName":"Reviews API Integration (stable core) creates a course review and enforces unique (user+course+semester)","invocations":1,"location":null,"numPassingAsserts":0,"retryReasons":[],"startAt":1771701937807,"status":"failed","title":"creates a course review and enforces unique (user+course+semester)"},{"ancestorTitles":["Reviews API Integration (stable core)"],"duration":0,"failing":false,"failureDetails":[{"name":"PrismaClientInitializationError","clientVersion":"5.22.0"}],"failureMessages":["PrismaClientInitializationError: \nInvalid `prisma.$executeRawUnsafe()` invocation:\n\n\nCan't reach database server at `db.xkbhxwxdngjpxlzfcqtr.supabase.co:5432`\n\nPlease make sure your database server is running at `db.xkbhxwxdngjpxlzfcqtr.supabase.co:5432`.\n    at $n.handleRequestError (/Users/akif/odtu-pusula/node_modules/@prisma/client/runtime/library.js:121:7615)\n    at $n.handleAndLogRequestError (/Users/akif/odtu-pusula/node_modules/@prisma/client/runtime/library.js:121:6623)\n    at $n.request (/Users/akif/odtu-pusula/node_modules/@prisma/client/runtime/library.js:121:6307)\n    at l (/Users/akif/odtu-pusula/node_modules/@prisma/client/runtime/library.js:130:9633)\n    at /Users/akif/odtu-pusula/__tests__/utils/test-helpers.ts:71:5\n    at withDbRetry (/Users/akif/odtu-pusula/__tests__/utils/test-helpers.ts:22:14)\n    at cleanDatabase (/Users/akif/odtu-pusula/__tests__/utils/test-helpers.ts:69:3)\n    at Object.<anonymous> (/Users/akif/odtu-pusula/__tests__/api/reviews.integration.test.ts:15:5)"],"fullName":"Reviews API Integration (stable core) creates a professor review","invocations":1,"location":null,"numPassingAsserts":0,"retryReasons":[],"startAt":1771701937815,"status":"failed","title":"creates a professor review"},{"ancestorTitles":["Reviews API Integration (stable core)"],"duration":0,"failing":false,"failureDetails":[{"name":"PrismaClientInitializationError","clientVersion":"5.22.0"}],"failureMessages":["PrismaClientInitializationError: \nInvalid `prisma.$executeRawUnsafe()` invocation:\n\n\nCan't reach database server at `db.xkbhxwxdngjpxlzfcqtr.supabase.co:5432`\n\nPlease make sure your database server is running at `db.xkbhxwxdngjpxlzfcqtr.supabase.co:5432`.\n    at $n.handleRequestError (/Users/akif/odtu-pusula/node_modules/@prisma/client/runtime/library.js:121:7615)\n    at $n.handleAndLogRequestError (/Users/akif/odtu-pusula/node_modules/@prisma/client/runtime/library.js:121:6623)\n    at $n.request (/Users/akif/odtu-pusula/node_modules/@prisma/client/runtime/library.js:121:6307)\n    at l (/Users/akif/odtu-pusula/node_modules/@prisma/client/runtime/library.js:130:9633)\n    at /Users/akif/odtu-pusula/__tests__/utils/test-helpers.ts:71:5\n    at withDbRetry (/Users/akif/odtu-pusula/__tests__/utils/test-helpers.ts:22:14)\n    at cleanDatabase (/Users/akif/odtu-pusula/__tests__/utils/test-helpers.ts:69:3)\n    at Object.<anonymous> (/Users/akif/odtu-pusula/__tests__/api/reviews.integration.test.ts:15:5)"],"fullName":"Reviews API Integration (stable core) supports like flow and prevents duplicate likes","invocations":1,"location":null,"numPassingAsserts":0,"retryReasons":[],"startAt":1771701937815,"status":"failed","title":"supports like flow and prevents duplicate likes"}],"endTime":1771701937832,"message":"  ● Reviews API Integration (stable core) › creates a course review and enforces unique (user+course+semester)\n\n    PrismaClientInitializationError: \n    Invalid `prisma.$executeRawUnsafe()` invocation:\n\n\n    Can't reach database server at `db.xkbhxwxdngjpxlzfcqtr.supabase.co:5432`\n\n    Please make sure your database server is running at `db.xkbhxwxdngjpxlzfcqtr.supabase.co:5432`.\n\n      69 |   await withDbRetry(async () => {\n      70 |     // Çok sayıda deleteMany yerine tek TRUNCATE ile daha hızlı ve deterministik reset.\n    > 71 |     await prisma.$executeRawUnsafe(`\n         |     ^\n      72 |       TRUNCATE TABLE\n      73 |         \"ReviewLike\",\n      74 |         \"Report\",\n\n      at $n.handleRequestError (node_modules/@prisma/client/runtime/library.js:121:7615)\n      at $n.handleAndLogRequestError (node_modules/@prisma/client/runtime/library.js:121:6623)\n      at $n.request (node_modules/@prisma/client/runtime/library.js:121:6307)\n      at l (node_modules/@prisma/client/runtime/library.js:130:9633)\n      at __tests__/utils/test-helpers.ts:71:5\n      at withDbRetry (__tests__/utils/test-helpers.ts:22:14)\n      at cleanDatabase (__tests__/utils/test-helpers.ts:69:3)\n      at Object.<anonymous> (__tests__/api/reviews.integration.test.ts:15:5)\n\n  ● Reviews API Integration (stable core) › creates a professor review\n\n    PrismaClientInitializationError: \n    Invalid `prisma.$executeRawUnsafe()` invocation:\n\n\n    Can't reach database server at `db.xkbhxwxdngjpxlzfcqtr.supabase.co:5432`\n\n    Please make sure your database server is running at `db.xkbhxwxdngjpxlzfcqtr.supabase.co:5432`.\n\n      69 |   await withDbRetry(async () => {\n      70 |     // Çok sayıda deleteMany yerine tek TRUNCATE ile daha hızlı ve deterministik reset.\n    > 71 |     await prisma.$executeRawUnsafe(`\n         |     ^\n      72 |       TRUNCATE TABLE\n      73 |         \"ReviewLike\",\n      74 |         \"Report\",\n\n      at $n.handleRequestError (node_modules/@prisma/client/runtime/library.js:121:7615)\n      at $n.handleAndLogRequestError (node_modules/@prisma/client/runtime/library.js:121:6623)\n      at $n.request (node_modules/@prisma/client/runtime/library.js:121:6307)\n      at l (node_modules/@prisma/client/runtime/library.js:130:9633)\n      at __tests__/utils/test-helpers.ts:71:5\n      at withDbRetry (__tests__/utils/test-helpers.ts:22:14)\n      at cleanDatabase (__tests__/utils/test-helpers.ts:69:3)\n      at Object.<anonymous> (__tests__/api/reviews.integration.test.ts:15:5)\n\n  ● Reviews API Integration (stable core) › supports like flow and prevents duplicate likes\n\n    PrismaClientInitializationError: \n    Invalid `prisma.$executeRawUnsafe()` invocation:\n\n\n    Can't reach database server at `db.xkbhxwxdngjpxlzfcqtr.supabase.co:5432`\n\n    Please make sure your database server is running at `db.xkbhxwxdngjpxlzfcqtr.supabase.co:5432`.\n\n      69 |   await withDbRetry(async () => {\n      70 |     // Çok sayıda deleteMany yerine tek TRUNCATE ile daha hızlı ve deterministik reset.\n    > 71 |     await prisma.$executeRawUnsafe(`\n         |     ^\n      72 |       TRUNCATE TABLE\n      73 |         \"ReviewLike\",\n      74 |         \"Report\",\n\n      at $n.handleRequestError (node_modules/@prisma/client/runtime/library.js:121:7615)\n      at $n.handleAndLogRequestError (node_modules/@prisma/client/runtime/library.js:121:6623)\n      at $n.request (node_modules/@prisma/client/runtime/library.js:121:6307)\n      at l (node_modules/@prisma/client/runtime/library.js:130:9633)\n      at __tests__/utils/test-helpers.ts:71:5\n      at withDbRetry (__tests__/utils/test-helpers.ts:22:14)\n      at cleanDatabase (__tests__/utils/test-helpers.ts:69:3)\n      at Object.<anonymous> (__tests__/api/reviews.integration.test.ts:15:5)\n","name":"/Users/akif/odtu-pusula/__tests__/api/reviews.integration.test.ts","startTime":1771701937566,"status":"failed","summary":""},{"assertionResults":[{"ancestorTitles":["Courses API Integration (stable core)"],"duration":0,"failing":false,"failureDetails":[{"name":"PrismaClientInitializationError","clientVersion":"5.22.0"}],"failureMessages":["PrismaClientInitializationError: \nInvalid `prisma.$executeRawUnsafe()` invocation:\n\n\nCan't reach database server at `db.xkbhxwxdngjpxlzfcqtr.supabase.co:5432`\n\nPlease make sure your database server is running at `db.xkbhxwxdngjpxlzfcqtr.supabase.co:5432`.\n    at $n.handleRequestError (/Users/akif/odtu-pusula/node_modules/@prisma/client/runtime/library.js:121:7615)\n    at $n.handleAndLogRequestError (/Users/akif/odtu-pusula/node_modules/@prisma/client/runtime/library.js:121:6623)\n    at $n.request (/Users/akif/odtu-pusula/node_modules/@prisma/client/runtime/library.js:121:6307)\n    at l (/Users/akif/odtu-pusula/node_modules/@prisma/client/runtime/library.js:130:9633)\n    at /Users/akif/odtu-pusula/__tests__/utils/test-helpers.ts:71:5\n    at withDbRetry (/Users/akif/odtu-pusula/__tests__/utils/test-helpers.ts:22:14)\n    at cleanDatabase (/Users/akif/odtu-pusula/__tests__/utils/test-helpers.ts:69:3)\n    at Object.<anonymous> (/Users/akif/odtu-pusula/__tests__/api/courses.integration.test.ts:14:5)"],"fullName":"Courses API Integration (stable core) lists created courses and supports code search","invocations":1,"location":null,"numPassingAsserts":0,"retryReasons":[],"startAt":1771701937886,"status":"failed","title":"lists created courses and supports code search"},{"ancestorTitles":["Courses API Integration (stable core)"],"duration":0,"failing":false,"failureDetails":[{"name":"PrismaClientInitializationError","clientVersion":"5.22.0"}],"failureMessages":["PrismaClientInitializationError: \nInvalid `prisma.$executeRawUnsafe()` invocation:\n\n\nCan't reach database server at `db.xkbhxwxdngjpxlzfcqtr.supabase.co:5432`\n\nPlease make sure your database server is running at `db.xkbhxwxdngjpxlzfcqtr.supabase.co:5432`.\n    at $n.handleRequestError (/Users/akif/odtu-pusula/node_modules/@prisma/client/runtime/library.js:121:7615)\n    at $n.handleAndLogRequestError (/Users/akif/odtu-pusula/node_modules/@prisma/client/runtime/library.js:121:6623)\n    at $n.request (/Users/akif/odtu-pusula/node_modules/@prisma/client/runtime/library.js:121:6307)\n    at l (/Users/akif/odtu-pusula/node_modules/@prisma/client/runtime/library.js:130:9633)\n    at /Users/akif/odtu-pusula/__tests__/utils/test-helpers.ts:71:5\n    at withDbRetry (/Users/akif/odtu-pusula/__tests__/utils/test-helpers.ts:22:14)\n    at cleanDatabase (/Users/akif/odtu-pusula/__tests__/utils/test-helpers.ts:69:3)\n    at Object.<anonymous> (/Users/akif/odtu-pusula/__tests__/api/courses.integration.test.ts:14:5)"],"fullName":"Courses API Integration (stable core) returns course with approved review statistics","invocations":1,"location":null,"numPassingAsserts":0,"retryReasons":[],"startAt":1771701937890,"status":"failed","title":"returns course with approved review statistics"},{"ancestorTitles":["Courses API Integration (stable core)"],"duration":0,"failing":false,"failureDetails":[{"name":"PrismaClientInitializationError","clientVersion":"5.22.0"}],"failureMessages":["PrismaClientInitializationError: \nInvalid `prisma.$executeRawUnsafe()` invocation:\n\n\nCan't reach database server at `db.xkbhxwxdngjpxlzfcqtr.supabase.co:5432`\n\nPlease make sure your database server is running at `db.xkbhxwxdngjpxlzfcqtr.supabase.co:5432`.\n    at $n.handleRequestError (/Users/akif/odtu-pusula/node_modules/@prisma/client/runtime/library.js:121:7615)\n    at $n.handleAndLogRequestError (/Users/akif/odtu-pusula/node_modules/@prisma/client/runtime/library.js:121:6623)\n    at $n.request (/Users/akif/odtu-pusula/node_modules/@prisma/client/runtime/library.js:121:6307)\n    at l (/Users/akif/odtu-pusula/node_modules/@prisma/client/runtime/library.js:130:9633)\n    at /Users/akif/odtu-pusula/__tests__/utils/test-helpers.ts:71:5\n    at withDbRetry (/Users/akif/odtu-pusula/__tests__/utils/test-helpers.ts:22:14)\n    at cleanDatabase (/Users/akif/odtu-pusula/__tests__/utils/test-helpers.ts:69:3)\n    at Object.<anonymous> (/Users/akif/odtu-pusula/__tests__/api/courses.integration.test.ts:14:5)"],"fullName":"Courses API Integration (stable core) finds course by exact code and returns null for unknown course","invocations":1,"location":null,"numPassingAsserts":0,"retryReasons":[],"startAt":1771701937891,"status":"failed","title":"finds course by exact code and returns null for unknown course"}],"endTime":1771701937894,"message":"  ● Courses API Integration (stable core) › lists created courses and supports code search\n\n    PrismaClientInitializationError: \n    Invalid `prisma.$executeRawUnsafe()` invocation:\n\n\n    Can't reach database server at `db.xkbhxwxdngjpxlzfcqtr.supabase.co:5432`\n\n    Please make sure your database server is running at `db.xkbhxwxdngjpxlzfcqtr.supabase.co:5432`.\n\n      69 |   await withDbRetry(async () => {\n      70 |     // Çok sayıda deleteMany yerine tek TRUNCATE ile daha hızlı ve deterministik reset.\n    > 71 |     await prisma.$executeRawUnsafe(`\n         |     ^\n      72 |       TRUNCATE TABLE\n      73 |         \"ReviewLike\",\n      74 |         \"Report\",\n\n      at $n.handleRequestError (node_modules/@prisma/client/runtime/library.js:121:7615)\n      at $n.handleAndLogRequestError (node_modules/@prisma/client/runtime/library.js:121:6623)\n      at $n.request (node_modules/@prisma/client/runtime/library.js:121:6307)\n      at l (node_modules/@prisma/client/runtime/library.js:130:9633)\n      at __tests__/utils/test-helpers.ts:71:5\n      at withDbRetry (__tests__/utils/test-helpers.ts:22:14)\n      at cleanDatabase (__tests__/utils/test-helpers.ts:69:3)\n      at Object.<anonymous> (__tests__/api/courses.integration.test.ts:14:5)\n\n  ● Courses API Integration (stable core) › returns course with approved review statistics\n\n    PrismaClientInitializationError: \n    Invalid `prisma.$executeRawUnsafe()` invocation:\n\n\n    Can't reach database server at `db.xkbhxwxdngjpxlzfcqtr.supabase.co:5432`\n\n    Please make sure your database server is running at `db.xkbhxwxdngjpxlzfcqtr.supabase.co:5432`.\n\n      69 |   await withDbRetry(async () => {\n      70 |     // Çok sayıda deleteMany yerine tek TRUNCATE ile daha hızlı ve deterministik reset.\n    > 71 |     await prisma.$executeRawUnsafe(`\n         |     ^\n      72 |       TRUNCATE TABLE\n      73 |         \"ReviewLike\",\n      74 |         \"Report\",\n\n      at $n.handleRequestError (node_modules/@prisma/client/runtime/library.js:121:7615)\n      at $n.handleAndLogRequestError (node_modules/@prisma/client/runtime/library.js:121:6623)\n      at $n.request (node_modules/@prisma/client/runtime/library.js:121:6307)\n      at l (node_modules/@prisma/client/runtime/library.js:130:9633)\n      at __tests__/utils/test-helpers.ts:71:5\n      at withDbRetry (__tests__/utils/test-helpers.ts:22:14)\n      at cleanDatabase (__tests__/utils/test-helpers.ts:69:3)\n      at Object.<anonymous> (__tests__/api/courses.integration.test.ts:14:5)\n\n  ● Courses API Integration (stable core) › finds course by exact code and returns null for unknown course\n\n    PrismaClientInitializationError: \n    Invalid `prisma.$executeRawUnsafe()` invocation:\n\n\n    Can't reach database server at `db.xkbhxwxdngjpxlzfcqtr.supabase.co:5432`\n\n    Please make sure your database server is running at `db.xkbhxwxdngjpxlzfcqtr.supabase.co:5432`.\n\n      69 |   await withDbRetry(async () => {\n      70 |     // Çok sayıda deleteMany yerine tek TRUNCATE ile daha hızlı ve deterministik reset.\n    > 71 |     await prisma.$executeRawUnsafe(`\n         |     ^\n      72 |       TRUNCATE TABLE\n      73 |         \"ReviewLike\",\n      74 |         \"Report\",\n\n      at $n.handleRequestError (node_modules/@prisma/client/runtime/library.js:121:7615)\n      at $n.handleAndLogRequestError (node_modules/@prisma/client/runtime/library.js:121:6623)\n      at $n.request (node_modules/@prisma/client/runtime/library.js:121:6307)\n      at l (node_modules/@prisma/client/runtime/library.js:130:9633)\n      at __tests__/utils/test-helpers.ts:71:5\n      at withDbRetry (__tests__/utils/test-helpers.ts:22:14)\n      at cleanDatabase (__tests__/utils/test-helpers.ts:69:3)\n      at Object.<anonymous> (__tests__/api/courses.integration.test.ts:14:5)\n","name":"/Users/akif/odtu-pusula/__tests__/api/courses.integration.test.ts","startTime":1771701937843,"status":"failed","summary":""},{"assertionResults":[{"ancestorTitles":["Auth API","Password Hashing"],"duration":126,"failing":false,"failureDetails":[],"failureMessages":[],"fullName":"Auth API Password Hashing should hash password correctly","invocations":1,"location":null,"numPassingAsserts":2,"retryReasons":[],"startAt":1771701937941,"status":"passed","title":"should hash password correctly"},{"ancestorTitles":["Auth API","Password Hashing"],"duration":229,"failing":false,"failureDetails":[],"failureMessages":[],"fullName":"Auth API Password Hashing should verify password correctly","invocations":1,"location":null,"numPassingAsserts":1,"retryReasons":[],"startAt":1771701938067,"status":"passed","title":"should verify password correctly"},{"ancestorTitles":["Auth API","Password Hashing"],"duration":228,"failing":false,"failureDetails":[],"failureMessages":[],"fullName":"Auth API Password Hashing should reject wrong password","invocations":1,"location":null,"numPassingAsserts":1,"retryReasons":[],"startAt":1771701938297,"status":"passed","title":"should reject wrong password"},{"ancestorTitles":["Auth API","Registration Validation"],"duration":1,"failing":false,"failureDetails":[],"failureMessages":[],"fullName":"Auth API Registration Validation should accept valid registration data","invocations":1,"location":null,"numPassingAsserts":2,"retryReasons":[],"startAt":1771701938525,"status":"passed","title":"should accept valid registration data"},{"ancestorTitles":["Auth API","Registration Validation"],"duration":0,"failing":false,"failureDetails":[],"failureMessages":[],"fullName":"Auth API Registration Validation should reject non-METU email","invocations":1,"location":null,"numPassingAsserts":2,"retryReasons":[],"startAt":1771701938526,"status":"passed","title":"should reject non-METU email"},{"ancestorTitles":["Auth API","Registration Validation"],"duration":1,"failing":false,"failureDetails":[],"failureMessages":[],"fullName":"Auth API Registration Validation should reject short password","invocations":1,"location":null,"numPassingAsserts":2,"retryReasons":[],"startAt":1771701938526,"status":"passed","title":"should reject short password"},{"ancestorTitles":["Auth API","Registration Validation"],"duration":0,"failing":false,"failureDetails":[],"failureMessages":[],"fullName":"Auth API Registration Validation should reject short name","invocations":1,"location":null,"numPassingAsserts":2,"retryReasons":[],"startAt":1771701938527,"status":"passed","title":"should reject short name"},{"ancestorTitles":["Auth API","Login Validation"],"duration":1,"failing":false,"failureDetails":[],"failureMessages":[],"fullName":"Auth API Login Validation should accept valid login credentials","invocations":1,"location":null,"numPassingAsserts":1,"retryReasons":[],"startAt":1771701938527,"status":"passed","title":"should accept valid login credentials"},{"ancestorTitles":["Auth API","Login Validation"],"duration":0,"failing":false,"failureDetails":[],"failureMessages":[],"fullName":"Auth API Login Validation should reject empty credentials","invocations":1,"location":null,"numPassingAsserts":2,"retryReasons":[],"startAt":1771701938528,"status":"passed","title":"should reject empty credentials"},{"ancestorTitles":["Auth API","Login Validation"],"duration":1,"failing":false,"failureDetails":[],"failureMessages":[],"fullName":"Auth API Login Validation should reject non-METU email","invocations":1,"location":null,"numPassingAsserts":1,"retryReasons":[],"startAt":1771701938528,"status":"passed","title":"should reject non-METU email"}],"endTime":1771701938529,"message":"","name":"/Users/akif/odtu-pusula/__tests__/api/auth.test.ts","startTime":1771701937902,"status":"passed","summary":""},{"assertionResults":[{"ancestorTitles":["DifficultyBadge Component"],"duration":32,"failing":false,"failureDetails":[],"failureMessages":[],"fullName":"DifficultyBadge Component renders with easy difficulty","invocations":1,"location":null,"numPassingAsserts":1,"retryReasons":[],"startAt":1771701938667,"status":"passed","title":"renders with easy difficulty"},{"ancestorTitles":["DifficultyBadge Component"],"duration":4,"failing":false,"failureDetails":[],"failureMessages":[],"fullName":"DifficultyBadge Component renders with medium difficulty","invocations":1,"location":null,"numPassingAsserts":1,"retryReasons":[],"startAt":1771701938699,"status":"passed","title":"renders with medium difficulty"},{"ancestorTitles":["DifficultyBadge Component"],"duration":3,"failing":false,"failureDetails":[],"failureMessages":[],"fullName":"DifficultyBadge Component renders with hard difficulty","invocations":1,"location":null,"numPassingAsserts":1,"retryReasons":[],"startAt":1771701938704,"status":"passed","title":"renders with hard difficulty"},{"ancestorTitles":["DifficultyBadge Component"],"duration":3,"failing":false,"failureDetails":[],"failureMessages":[],"fullName":"DifficultyBadge Component renders with score","invocations":1,"location":null,"numPassingAsserts":2,"retryReasons":[],"startAt":1771701938707,"status":"passed","title":"renders with score"},{"ancestorTitles":["DifficultyBadge Component"],"duration":3,"failing":false,"failureDetails":[],"failureMessages":[],"fullName":"DifficultyBadge Component hides label when showLabel is false","invocations":1,"location":null,"numPassingAsserts":1,"retryReasons":[],"startAt":1771701938710,"status":"passed","title":"hides label when showLabel is false"},{"ancestorTitles":["getDifficultyFromScore"],"duration":1,"failing":false,"failureDetails":[],"failureMessages":[],"fullName":"getDifficultyFromScore returns easy for scores <= 2.5","invocations":1,"location":null,"numPassingAsserts":3,"retryReasons":[],"startAt":1771701938713,"status":"passed","title":"returns easy for scores <= 2.5"},{"ancestorTitles":["getDifficultyFromScore"],"duration":0,"failing":false,"failureDetails":[],"failureMessages":[],"fullName":"getDifficultyFromScore returns medium for scores > 2.5 and <= 3.5","invocations":1,"location":null,"numPassingAsserts":3,"retryReasons":[],"startAt":1771701938714,"status":"passed","title":"returns medium for scores > 2.5 and <= 3.5"},{"ancestorTitles":["getDifficultyFromScore"],"duration":1,"failing":false,"failureDetails":[],"failureMessages":[],"fullName":"getDifficultyFromScore returns hard for scores > 3.5","invocations":1,"location":null,"numPassingAsserts":3,"retryReasons":[],"startAt":1771701938714,"status":"passed","title":"returns hard for scores > 3.5"}],"endTime":1771701938715,"message":"","name":"/Users/akif/odtu-pusula/__tests__/components/DifficultyBadge.test.tsx","startTime":1771701938538,"status":"passed","summary":""},{"assertionResults":[{"ancestorTitles":["ThemeToggle Component"],"duration":39,"failing":false,"failureDetails":[],"failureMessages":[],"fullName":"ThemeToggle Component renders the theme toggle button","invocations":1,"location":null,"numPassingAsserts":1,"retryReasons":[],"startAt":1771701938787,"status":"passed","title":"renders the theme toggle button"},{"ancestorTitles":["ThemeToggle Component"],"duration":6,"failing":false,"failureDetails":[],"failureMessages":[],"fullName":"ThemeToggle Component has accessible label","invocations":1,"location":null,"numPassingAsserts":1,"retryReasons":[],"startAt":1771701938826,"status":"passed","title":"has accessible label"},{"ancestorTitles":["ThemeToggle Component"],"duration":7,"failing":false,"failureDetails":[],"failureMessages":[],"fullName":"ThemeToggle Component calls setTheme when clicked","invocations":1,"location":null,"numPassingAsserts":1,"retryReasons":[],"startAt":1771701938832,"status":"passed","title":"calls setTheme when clicked"}],"endTime":1771701938840,"message":"","name":"/Users/akif/odtu-pusula/__tests__/components/ThemeToggle.test.tsx","startTime":1771701938724,"status":"passed","summary":""},{"assertionResults":[{"ancestorTitles":["Logo Component"],"duration":5,"failing":false,"failureDetails":[],"failureMessages":[],"fullName":"Logo Component renders the logo text correctly","invocations":1,"location":null,"numPassingAsserts":2,"retryReasons":[],"startAt":1771701938917,"status":"passed","title":"renders the logo text correctly"},{"ancestorTitles":["Logo Component"],"duration":4,"failing":false,"failureDetails":[],"failureMessages":[],"fullName":"Logo Component renders with different sizes","invocations":1,"location":null,"numPassingAsserts":3,"retryReasons":[],"startAt":1771701938923,"status":"passed","title":"renders with different sizes"},{"ancestorTitles":["Logo Component"],"duration":9,"failing":false,"failureDetails":[],"failureMessages":[],"fullName":"Logo Component renders as a link by default","invocations":1,"location":null,"numPassingAsserts":1,"retryReasons":[],"startAt":1771701938927,"status":"passed","title":"renders as a link by default"},{"ancestorTitles":["Logo Component"],"duration":2,"failing":false,"failureDetails":[],"failureMessages":[],"fullName":"Logo Component hides Pusula text when showText is false","invocations":1,"location":null,"numPassingAsserts":2,"retryReasons":[],"startAt":1771701938936,"status":"passed","title":"hides Pusula text when showText is false"}],"endTime":1771701938938,"message":"","name":"/Users/akif/odtu-pusula/__tests__/components/Logo.test.tsx","startTime":1771701938849,"status":"passed","summary":""},{"assertionResults":[{"ancestorTitles":["Button Component"],"duration":9,"failing":false,"failureDetails":[],"failureMessages":[],"fullName":"Button Component renders children correctly","invocations":1,"location":null,"numPassingAsserts":1,"retryReasons":[],"startAt":1771701938998,"status":"passed","title":"renders children correctly"},{"ancestorTitles":["Button Component"],"duration":6,"failing":false,"failureDetails":[],"failureMessages":[],"fullName":"Button Component handles click events","invocations":1,"location":null,"numPassingAsserts":1,"retryReasons":[],"startAt":1771701939007,"status":"passed","title":"handles click events"},{"ancestorTitles":["Button Component"],"duration":6,"failing":false,"failureDetails":[],"failureMessages":[],"fullName":"Button Component applies variant styles","invocations":1,"location":null,"numPassingAsserts":3,"retryReasons":[],"startAt":1771701939014,"status":"passed","title":"applies variant styles"},{"ancestorTitles":["Button Component"],"duration":2,"failing":false,"failureDetails":[],"failureMessages":[],"fullName":"Button Component can be disabled","invocations":1,"location":null,"numPassingAsserts":1,"retryReasons":[],"startAt":1771701939021,"status":"passed","title":"can be disabled"}],"endTime":1771701939024,"message":"","name":"/Users/akif/odtu-pusula/__tests__/components/UIComponents.test.tsx","startTime":1771701938945,"status":"passed","summary":""},{"assertionResults":[{"ancestorTitles":["Rate Limiting Logic Tests","Rate Limit Calculations"],"duration":1,"failing":false,"failureDetails":[],"failureMessages":[],"fullName":"Rate Limiting Logic Tests Rate Limit Calculations should calculate correct rate limit window","invocations":1,"location":null,"numPassingAsserts":6,"retryReasons":[],"startAt":1771701939075,"status":"passed","title":"should calculate correct rate limit window"},{"ancestorTitles":["Rate Limiting Logic Tests","Rate Limit Calculations"],"duration":1,"failing":false,"failureDetails":[],"failureMessages":[],"fullName":"Rate Limiting Logic Tests Rate Limit Calculations should handle different limits for different endpoints","invocations":1,"location":null,"numPassingAsserts":3,"retryReasons":[],"startAt":1771701939076,"status":"passed","title":"should handle different limits for different endpoints"},{"ancestorTitles":["Rate Limiting Logic Tests","Rate Limit Identifiers"],"duration":0,"failing":false,"failureDetails":[],"failureMessages":[],"fullName":"Rate Limiting Logic Tests Rate Limit Identifiers should use user ID when available","invocations":1,"location":null,"numPassingAsserts":2,"retryReasons":[],"startAt":1771701939077,"status":"passed","title":"should use user ID when available"},{"ancestorTitles":["Rate Limiting Logic Tests","Rate Limit Identifiers"],"duration":0,"failing":false,"failureDetails":[],"failureMessages":[],"fullName":"Rate Limiting Logic Tests Rate Limit Identifiers should fall back to IP when no user ID","invocations":1,"location":null,"numPassingAsserts":2,"retryReasons":[],"startAt":1771701939077,"status":"passed","title":"should fall back to IP when no user ID"},{"ancestorTitles":["Rate Limiting Logic Tests","Rate Limit Identifiers"],"duration":1,"failing":false,"failureDetails":[],"failureMessages":[],"fullName":"Rate Limiting Logic Tests Rate Limit Identifiers should handle IPv6 addresses","invocations":1,"location":null,"numPassingAsserts":3,"retryReasons":[],"startAt":1771701939077,"status":"passed","title":"should handle IPv6 addresses"},{"ancestorTitles":["Rate Limiting Logic Tests","Rate Limit Headers"],"duration":0,"failing":false,"failureDetails":[],"failureMessages":[],"fullName":"Rate Limiting Logic Tests Rate Limit Headers should format rate limit headers correctly","invocations":1,"location":null,"numPassingAsserts":3,"retryReasons":[],"startAt":1771701939078,"status":"passed","title":"should format rate limit headers correctly"},{"ancestorTitles":["Rate Limiting Logic Tests","Rate Limit Headers"],"duration":0,"failing":false,"failureDetails":[],"failureMessages":[],"fullName":"Rate Limiting Logic Tests Rate Limit Headers should calculate correct retry-after time","invocations":1,"location":null,"numPassingAsserts":2,"retryReasons":[],"startAt":1771701939078,"status":"passed","title":"should calculate correct retry-after time"},{"ancestorTitles":["Rate Limiting Logic Tests","Rate Limit Bypass Scenarios"],"duration":0,"failing":false,"failureDetails":[],"failureMessages":[],"fullName":"Rate Limiting Logic Tests Rate Limit Bypass Scenarios should allow bypassing rate limit for internal requests","invocations":1,"location":null,"numPassingAsserts":3,"retryReasons":[],"startAt":1771701939079,"status":"passed","title":"should allow bypassing rate limit for internal requests"},{"ancestorTitles":["Rate Limiting Logic Tests","Rate Limit Bypass Scenarios"],"duration":0,"failing":false,"failureDetails":[],"failureMessages":[],"fullName":"Rate Limiting Logic Tests Rate Limit Bypass Scenarios should skip rate limiting for health check endpoints","invocations":1,"location":null,"numPassingAsserts":3,"retryReasons":[],"startAt":1771701939079,"status":"passed","title":"should skip rate limiting for health check endpoints"},{"ancestorTitles":["Rate Limiting Logic Tests","Rate Limit Error Handling"],"duration":11,"failing":false,"failureDetails":[],"failureMessages":[],"fullName":"Rate Limiting Logic Tests Rate Limit Error Handling should handle rate limiter connection errors gracefully","invocations":1,"location":null,"numPassingAsserts":2,"retryReasons":[],"startAt":1771701939079,"status":"passed","title":"should handle rate limiter connection errors gracefully"},{"ancestorTitles":["Rate Limiting Logic Tests","Rate Limit Error Handling"],"duration":0,"failing":false,"failureDetails":[],"failureMessages":[],"fullName":"Rate Limiting Logic Tests Rate Limit Error Handling should use in-memory fallback when Redis unavailable","invocations":1,"location":null,"numPassingAsserts":4,"retryReasons":[],"startAt":1771701939091,"status":"passed","title":"should use in-memory fallback when Redis unavailable"},{"ancestorTitles":["Rate Limiting Logic Tests","Rate Limit Window Reset"],"duration":2,"failing":false,"failureDetails":[],"failureMessages":[],"fullName":"Rate Limiting Logic Tests Rate Limit Window Reset should reset rate limit after window expires","invocations":1,"location":null,"numPassingAsserts":7,"retryReasons":[],"startAt":1771701939091,"status":"passed","title":"should reset rate limit after window expires"},{"ancestorTitles":["Rate Limiting Logic Tests","Rate Limit by Endpoint Type"],"duration":0,"failing":false,"failureDetails":[],"failureMessages":[],"fullName":"Rate Limiting Logic Tests Rate Limit by Endpoint Type should apply different limits based on endpoint type","invocations":1,"location":null,"numPassingAsserts":3,"retryReasons":[],"startAt":1771701939093,"status":"passed","title":"should apply different limits based on endpoint type"}],"endTime":1771701939095,"message":"","name":"/Users/akif/odtu-pusula/__tests__/middleware/rate-limit.test.ts","startTime":1771701939031,"status":"passed","summary":""},{"assertionResults":[{"ancestorTitles":["Admin API Logic Tests","Admin User Management"],"duration":1,"failing":false,"failureDetails":[],"failureMessages":[],"fullName":"Admin API Logic Tests Admin User Management should retrieve users list with pagination","invocations":1,"location":null,"numPassingAsserts":3,"retryReasons":[],"startAt":1771701939153,"status":"passed","title":"should retrieve users list with pagination"},{"ancestorTitles":["Admin API Logic Tests","Admin User Management"],"duration":1,"failing":false,"failureDetails":[],"failureMessages":[],"fullName":"Admin API Logic Tests Admin User Management should ban a user","invocations":1,"location":null,"numPassingAsserts":2,"retryReasons":[],"startAt":1771701939154,"status":"passed","title":"should ban a user"},{"ancestorTitles":["Admin API Logic Tests","Admin User Management"],"duration":0,"failing":false,"failureDetails":[],"failureMessages":[],"fullName":"Admin API Logic Tests Admin User Management should unban a user","invocations":1,"location":null,"numPassingAsserts":1,"retryReasons":[],"startAt":1771701939155,"status":"passed","title":"should unban a user"},{"ancestorTitles":["Admin API Logic Tests","Admin User Management"],"duration":0,"failing":false,"failureDetails":[],"failureMessages":[],"fullName":"Admin API Logic Tests Admin User Management should change user role","invocations":1,"location":null,"numPassingAsserts":1,"retryReasons":[],"startAt":1771701939155,"status":"passed","title":"should change user role"},{"ancestorTitles":["Admin API Logic Tests","Admin Statistics"],"duration":1,"failing":false,"failureDetails":[],"failureMessages":[],"fullName":"Admin API Logic Tests Admin Statistics should calculate admin dashboard statistics","invocations":1,"location":null,"numPassingAsserts":5,"retryReasons":[],"startAt":1771701939155,"status":"passed","title":"should calculate admin dashboard statistics"},{"ancestorTitles":["Admin API Logic Tests","Admin Report Management"],"duration":2,"failing":false,"failureDetails":[],"failureMessages":[],"fullName":"Admin API Logic Tests Admin Report Management should retrieve pending reports","invocations":1,"location":null,"numPassingAsserts":3,"retryReasons":[],"startAt":1771701939156,"status":"passed","title":"should retrieve pending reports"},{"ancestorTitles":["Admin API Logic Tests","Admin Report Management"],"duration":1,"failing":false,"failureDetails":[],"failureMessages":[],"fullName":"Admin API Logic Tests Admin Report Management should resolve a report","invocations":1,"location":null,"numPassingAsserts":3,"retryReasons":[],"startAt":1771701939158,"status":"passed","title":"should resolve a report"},{"ancestorTitles":["Admin API Logic Tests","Admin Report Management"],"duration":0,"failing":false,"failureDetails":[],"failureMessages":[],"fullName":"Admin API Logic Tests Admin Report Management should dismiss a report","invocations":1,"location":null,"numPassingAsserts":2,"retryReasons":[],"startAt":1771701939159,"status":"passed","title":"should dismiss a report"},{"ancestorTitles":["Admin API Logic Tests","Admin Authorization Logic"],"duration":0,"failing":false,"failureDetails":[],"failureMessages":[],"fullName":"Admin API Logic Tests Admin Authorization Logic should verify admin role","invocations":1,"location":null,"numPassingAsserts":6,"retryReasons":[],"startAt":1771701939159,"status":"passed","title":"should verify admin role"}],"endTime":1771701939160,"message":"","name":"/Users/akif/odtu-pusula/__tests__/api/admin.test.ts","startTime":1771701939114,"status":"passed","summary":""},{"assertionResults":[{"ancestorTitles":["Email Validation"],"duration":0,"failing":false,"failureDetails":[],"failureMessages":[],"fullName":"Email Validation accepts valid METU emails","invocations":1,"location":null,"numPassingAsserts":3,"retryReasons":[],"startAt":1771701939211,"status":"passed","title":"accepts valid METU emails"},{"ancestorTitles":["Email Validation"],"duration":1,"failing":false,"failureDetails":[],"failureMessages":[],"fullName":"Email Validation rejects non-METU emails","invocations":1,"location":null,"numPassingAsserts":4,"retryReasons":[],"startAt":1771701939211,"status":"passed","title":"rejects non-METU emails"},{"ancestorTitles":["Email Validation"],"duration":0,"failing":false,"failureDetails":[],"failureMessages":[],"fullName":"Email Validation rejects empty or invalid emails","invocations":1,"location":null,"numPassingAsserts":2,"retryReasons":[],"startAt":1771701939212,"status":"passed","title":"rejects empty or invalid emails"},{"ancestorTitles":["Password Validation"],"duration":0,"failing":false,"failureDetails":[],"failureMessages":[],"fullName":"Password Validation accepts valid passwords","invocations":1,"location":null,"numPassingAsserts":3,"retryReasons":[],"startAt":1771701939212,"status":"passed","title":"accepts valid passwords"},{"ancestorTitles":["Password Validation"],"duration":1,"failing":false,"failureDetails":[],"failureMessages":[],"fullName":"Password Validation rejects short passwords","invocations":1,"location":null,"numPassingAsserts":3,"retryReasons":[],"startAt":1771701939212,"status":"passed","title":"rejects short passwords"},{"ancestorTitles":["Rating Validation"],"duration":0,"failing":false,"failureDetails":[],"failureMessages":[],"fullName":"Rating Validation accepts valid ratings","invocations":1,"location":null,"numPassingAsserts":3,"retryReasons":[],"startAt":1771701939213,"status":"passed","title":"accepts valid ratings"},{"ancestorTitles":["Rating Validation"],"duration":0,"failing":false,"failureDetails":[],"failureMessages":[],"fullName":"Rating Validation rejects ratings out of range","invocations":1,"location":null,"numPassingAsserts":3,"retryReasons":[],"startAt":1771701939213,"status":"passed","title":"rejects ratings out of range"},{"ancestorTitles":["Rating Validation"],"duration":1,"failing":false,"failureDetails":[],"failureMessages":[],"fullName":"Rating Validation rejects non-integer ratings","invocations":1,"location":null,"numPassingAsserts":2,"retryReasons":[],"startAt":1771701939213,"status":"passed","title":"rejects non-integer ratings"},{"ancestorTitles":["Course Code Validation"],"duration":0,"failing":false,"failureDetails":[],"failureMessages":[],"fullName":"Course Code Validation accepts valid course codes","invocations":1,"location":null,"numPassingAsserts":4,"retryReasons":[],"startAt":1771701939214,"status":"passed","title":"accepts valid course codes"},{"ancestorTitles":["Course Code Validation"],"duration":1,"failing":false,"failureDetails":[],"failureMessages":[],"fullName":"Course Code Validation rejects invalid course codes","invocations":1,"location":null,"numPassingAsserts":5,"retryReasons":[],"startAt":1771701939214,"status":"passed","title":"rejects invalid course codes"},{"ancestorTitles":["Semester Validation"],"duration":0,"failing":false,"failureDetails":[],"failureMessages":[],"fullName":"Semester Validation accepts valid semesters","invocations":1,"location":null,"numPassingAsserts":3,"retryReasons":[],"startAt":1771701939215,"status":"passed","title":"accepts valid semesters"},{"ancestorTitles":["Semester Validation"],"duration":0,"failing":false,"failureDetails":[],"failureMessages":[],"fullName":"Semester Validation rejects invalid semesters","invocations":1,"location":null,"numPassingAsserts":4,"retryReasons":[],"startAt":1771701939215,"status":"passed","title":"rejects invalid semesters"}],"endTime":1771701939216,"message":"","name":"/Users/akif/odtu-pusula/__tests__/utils/validation.test.ts","startTime":1771701939168,"status":"passed","summary":""},{"assertionResults":[{"ancestorTitles":["Rate limit enforcement integration"],"duration":3,"failing":false,"failureDetails":[],"failureMessages":[],"fullName":"Rate limit enforcement integration should keep middleware-owned endpoints free of route-level limiter calls","invocations":1,"location":null,"numPassingAsserts":15,"retryReasons":[],"startAt":1771701939259,"status":"passed","title":"should keep middleware-owned endpoints free of route-level limiter calls"},{"ancestorTitles":["Rate limit enforcement integration"],"duration":1,"failing":false,"failureDetails":[],"failureMessages":[],"fullName":"Rate limit enforcement integration should keep route-level limiter only on email-sensitive auth endpoints","invocations":1,"location":null,"numPassingAsserts":4,"retryReasons":[],"startAt":1771701939262,"status":"passed","title":"should keep route-level limiter only on email-sensitive auth endpoints"}],"endTime":1771701939263,"message":"","name":"/Users/akif/odtu-pusula/__tests__/middleware/rate-limit-enforcement.integration.test.ts","startTime":1771701939223,"status":"passed","summary":""},{"assertionResults":[{"ancestorTitles":["Search Logic Tests","Course Search"],"duration":1,"failing":false,"failureDetails":[],"failureMessages":[],"fullName":"Search Logic Tests Course Search should search courses by code","invocations":1,"location":null,"numPassingAsserts":3,"retryReasons":[],"startAt":1771701939313,"status":"passed","title":"should search courses by code"},{"ancestorTitles":["Search Logic Tests","Course Search"],"duration":0,"failing":false,"failureDetails":[],"failureMessages":[],"fullName":"Search Logic Tests Course Search should search courses by name","invocations":1,"location":null,"numPassingAsserts":2,"retryReasons":[],"startAt":1771701939314,"status":"passed","title":"should search courses by name"},{"ancestorTitles":["Search Logic Tests","Course Search"],"duration":1,"failing":false,"failureDetails":[],"failureMessages":[],"fullName":"Search Logic Tests Course Search should filter courses by department","invocations":1,"location":null,"numPassingAsserts":2,"retryReasons":[],"startAt":1771701939314,"status":"passed","title":"should filter courses by department"},{"ancestorTitles":["Search Logic Tests","Course Search"],"duration":0,"failing":false,"failureDetails":[],"failureMessages":[],"fullName":"Search Logic Tests Course Search should limit results to 20 items","invocations":1,"location":null,"numPassingAsserts":1,"retryReasons":[],"startAt":1771701939315,"status":"passed","title":"should limit results to 20 items"},{"ancestorTitles":["Search Logic Tests","Course Search"],"duration":1,"failing":false,"failureDetails":[],"failureMessages":[],"fullName":"Search Logic Tests Course Search should handle Turkish characters in search","invocations":1,"location":null,"numPassingAsserts":3,"retryReasons":[],"startAt":1771701939315,"status":"passed","title":"should handle Turkish characters in search"},{"ancestorTitles":["Search Logic Tests","Professor Search"],"duration":0,"failing":false,"failureDetails":[],"failureMessages":[],"fullName":"Search Logic Tests Professor Search should search professors by name","invocations":1,"location":null,"numPassingAsserts":2,"retryReasons":[],"startAt":1771701939316,"status":"passed","title":"should search professors by name"},{"ancestorTitles":["Search Logic Tests","Professor Search"],"duration":0,"failing":false,"failureDetails":[],"failureMessages":[],"fullName":"Search Logic Tests Professor Search should filter professors by department","invocations":1,"location":null,"numPassingAsserts":2,"retryReasons":[],"startAt":1771701939316,"status":"passed","title":"should filter professors by department"},{"ancestorTitles":["Search Logic Tests","Professor Search"],"duration":1,"failing":false,"failureDetails":[],"failureMessages":[],"fullName":"Search Logic Tests Professor Search should limit professor results to 20 items","invocations":1,"location":null,"numPassingAsserts":1,"retryReasons":[],"startAt":1771701939316,"status":"passed","title":"should limit professor results to 20 items"},{"ancestorTitles":["Search Logic Tests","Search Query Validation"],"duration":0,"failing":false,"failureDetails":[],"failureMessages":[],"fullName":"Search Logic Tests Search Query Validation should validate minimum query length","invocations":1,"location":null,"numPassingAsserts":4,"retryReasons":[],"startAt":1771701939317,"status":"passed","title":"should validate minimum query length"},{"ancestorTitles":["Search Logic Tests","Search Query Validation"],"duration":1,"failing":false,"failureDetails":[],"failureMessages":[],"fullName":"Search Logic Tests Search Query Validation should sanitize search queries","invocations":1,"location":null,"numPassingAsserts":2,"retryReasons":[],"startAt":1771701939317,"status":"passed","title":"should sanitize search queries"},{"ancestorTitles":["Search Logic Tests","Empty Search Results"],"duration":0,"failing":false,"failureDetails":[],"failureMessages":[],"fullName":"Search Logic Tests Empty Search Results should return empty array for non-matching course search","invocations":1,"location":null,"numPassingAsserts":1,"retryReasons":[],"startAt":1771701939318,"status":"passed","title":"should return empty array for non-matching course search"},{"ancestorTitles":["Search Logic Tests","Empty Search Results"],"duration":0,"failing":false,"failureDetails":[],"failureMessages":[],"fullName":"Search Logic Tests Empty Search Results should return empty array for non-matching professor search","invocations":1,"location":null,"numPassingAsserts":1,"retryReasons":[],"startAt":1771701939318,"status":"passed","title":"should return empty array for non-matching professor search"},{"ancestorTitles":["Search Logic Tests","Search Result Formatting"],"duration":1,"failing":false,"failureDetails":[],"failureMessages":[],"fullName":"Search Logic Tests Search Result Formatting should include department information in course results","invocations":1,"location":null,"numPassingAsserts":2,"retryReasons":[],"startAt":1771701939318,"status":"passed","title":"should include department information in course results"},{"ancestorTitles":["Search Logic Tests","Search Result Formatting"],"duration":0,"failing":false,"failureDetails":[],"failureMessages":[],"fullName":"Search Logic Tests Search Result Formatting should include department information in professor results","invocations":1,"location":null,"numPassingAsserts":2,"retryReasons":[],"startAt":1771701939319,"status":"passed","title":"should include department information in professor results"}],"endTime":1771701939319,"message":"","name":"/Users/akif/odtu-pusula/__tests__/api/search.test.ts","startTime":1771701939270,"status":"passed","summary":""},{"assertionResults":[{"ancestorTitles":["Courses API","GET /api/courses"],"duration":0,"failing":false,"failureDetails":[],"failureMessages":[],"fullName":"Courses API GET /api/courses should return courses with pagination","invocations":1,"location":null,"numPassingAsserts":3,"retryReasons":[],"startAt":1771701939362,"status":"passed","title":"should return courses with pagination"},{"ancestorTitles":["Courses API","GET /api/courses"],"duration":0,"failing":false,"failureDetails":[],"failureMessages":[],"fullName":"Courses API GET /api/courses should filter courses by department","invocations":1,"location":null,"numPassingAsserts":1,"retryReasons":[],"startAt":1771701939363,"status":"passed","title":"should filter courses by department"},{"ancestorTitles":["Courses API","GET /api/courses"],"duration":0,"failing":false,"failureDetails":[],"failureMessages":[],"fullName":"Courses API GET /api/courses should search courses by code","invocations":1,"location":null,"numPassingAsserts":1,"retryReasons":[],"startAt":1771701939363,"status":"passed","title":"should search courses by code"},{"ancestorTitles":["Courses API","GET /api/courses/[code]"],"duration":1,"failing":false,"failureDetails":[],"failureMessages":[],"fullName":"Courses API GET /api/courses/[code] should return course details","invocations":1,"location":null,"numPassingAsserts":2,"retryReasons":[],"startAt":1771701939363,"status":"passed","title":"should return course details"},{"ancestorTitles":["Courses API","GET /api/courses/[code]"],"duration":0,"failing":false,"failureDetails":[],"failureMessages":[],"fullName":"Courses API GET /api/courses/[code] should return 404 for non-existent course","invocations":1,"location":null,"numPassingAsserts":1,"retryReasons":[],"startAt":1771701939364,"status":"passed","title":"should return 404 for non-existent course"},{"ancestorTitles":["Professors API","GET /api/professors"],"duration":0,"failing":false,"failureDetails":[],"failureMessages":[],"fullName":"Professors API GET /api/professors should return professors list","invocations":1,"location":null,"numPassingAsserts":2,"retryReasons":[],"startAt":1771701939364,"status":"passed","title":"should return professors list"},{"ancestorTitles":["Professors API","GET /api/professors"],"duration":0,"failing":false,"failureDetails":[],"failureMessages":[],"fullName":"Professors API GET /api/professors should filter by department","invocations":1,"location":null,"numPassingAsserts":1,"retryReasons":[],"startAt":1771701939364,"status":"passed","title":"should filter by department"},{"ancestorTitles":["Search API","GET /api/search"],"duration":0,"failing":false,"failureDetails":[],"failureMessages":[],"fullName":"Search API GET /api/search should search across courses and professors","invocations":1,"location":null,"numPassingAsserts":1,"retryReasons":[],"startAt":1771701939365,"status":"passed","title":"should search across courses and professors"},{"ancestorTitles":["Search API","GET /api/search"],"duration":0,"failing":false,"failureDetails":[],"failureMessages":[],"fullName":"Search API GET /api/search should return empty results for no matches","invocations":1,"location":null,"numPassingAsserts":1,"retryReasons":[],"startAt":1771701939365,"status":"passed","title":"should return empty results for no matches"}],"endTime":1771701939365,"message":"","name":"/Users/akif/odtu-pusula/__tests__/api/courses.test.ts","startTime":1771701939327,"status":"passed","summary":""},{"assertionResults":[{"ancestorTitles":["URL routing standard"],"duration":1,"failing":false,"failureDetails":[],"failureMessages":[],"fullName":"URL routing standard defines canonical redirects from legacy Turkish paths","invocations":1,"location":null,"numPassingAsserts":3,"retryReasons":[],"startAt":1771701939407,"status":"passed","title":"defines canonical redirects from legacy Turkish paths"}],"endTime":1771701939409,"message":"","name":"/Users/akif/odtu-pusula/__tests__/routing/url-routing-standard.test.ts","startTime":1771701939373,"status":"passed","summary":""},{"assertionResults":[{"ancestorTitles":["Rate limit architecture"],"duration":1,"failing":false,"failureDetails":[],"failureMessages":[],"fullName":"Rate limit architecture should define deterministic endpoint rule ordering","invocations":1,"location":null,"numPassingAsserts":7,"retryReasons":[],"startAt":1771701939450,"status":"passed","title":"should define deterministic endpoint rule ordering"},{"ancestorTitles":["Rate limit architecture"],"duration":1,"failing":false,"failureDetails":[],"failureMessages":[],"fullName":"Rate limit architecture should encode enforcement ownership in rules","invocations":1,"location":null,"numPassingAsserts":8,"retryReasons":[],"startAt":1771701939451,"status":"passed","title":"should encode enforcement ownership in rules"},{"ancestorTitles":["Rate limit architecture"],"duration":1,"failing":false,"failureDetails":[],"failureMessages":[],"fullName":"Rate limit architecture should standardize X-RateLimit headers in a single helper","invocations":1,"location":null,"numPassingAsserts":5,"retryReasons":[],"startAt":1771701939452,"status":"passed","title":"should standardize X-RateLimit headers in a single helper"},{"ancestorTitles":["Rate limit architecture"],"duration":2,"failing":false,"failureDetails":[],"failureMessages":[],"fullName":"Rate limit architecture should include redis fallback behavior for policy checks","invocations":1,"location":null,"numPassingAsserts":2,"retryReasons":[],"startAt":1771701939453,"status":"passed","title":"should include redis fallback behavior for policy checks"}],"endTime":1771701939456,"message":"","name":"/Users/akif/odtu-pusula/__tests__/middleware/rate-limit-architecture.test.ts","startTime":1771701939416,"status":"passed","summary":""}],"wasInterrupted":false}
